#
# An unexpected error has been detected by Java Runtime Environment:
#
#  EXCEPTION_ACCESS_VIOLATION (0xc0000005) at pc=0x0000000011ae5110, pid=4440, tid=6092
#
# Java VM: Java HotSpot(TM) 64-Bit Server VM (1.6.0-b105 mixed mode)
# Problematic frame:
# C  [awt.dll+0x185110]
#
# If you would like to submit a bug report, please visit:
#   http://java.sun.com/webapps/bugreport/crash.jsp
#

---------------  T H R E A D  ---------------

Current thread (0x000000000fa5e800):  JavaThread "AWT-EventQueue-0" [_thread_in_native, id=6092]

siginfo: ExceptionCode=0xc0000005, reading address 0xffffffffffffffff

Registers:
EAX=0x8000002b018e989f, EBX=0x0000000000000001, ECX=0x000000002fb03df0, EDX=0x000000000fa59400
ESP=0x000000002f3ff060, EBP=0x000000001148b420, ESI=0x000000000fa5e990, EDI=0x0000000000000000
EIP=0x0000000011ae5110, EFLAGS=0x0000000000010206

Top of Stack: (sp=0x000000002f3ff060)
0x000000002f3ff060:   000000000fa5e800 0000000000000000
0x000000002f3ff070:   000000002f3ff1a8 0000000015e7c7d0
0x000000002f3ff080:   0000000000000001 0000000011ae6dd3
0x000000002f3ff090:   0000000000000001 000000001148b420
0x000000002f3ff0a0:   000000000fa5e990 0000000000000000
0x000000002f3ff0b0:   0000000000000004 00000000152cd810
0x000000002f3ff0c0:   0000000000000001 000000000fa5e800
0x000000002f3ff0d0:   0000000000000000 0000000000000000
0x000000002f3ff0e0:   000000002f3ff178 0000000000000102
0x000000002f3ff0f0:   00000000122a308e 0000000000000001
0x000000002f3ff100:   000000002f3ff180 00000000122afc24
0x000000002f3ff110:   00000000265c00e8 0000000000000000
0x000000002f3ff120:   00000000265c0050 0000000015e7c7d0
0x000000002f3ff130:   0000000000000000 000000002f3ff128
0x000000002f3ff140:   000000002f3ff140 0000000000000000
0x000000002f3ff150:   000000002f3ff1a8 0000000015e7da78 

Instructions: (pc=0x0000000011ae5110)
0x0000000011ae5100:   e8 5b 72 f9 ff 48 8b 0d 04 9a 08 00 48 8b 04 d8
0x0000000011ae5110:   48 8b 58 30 e8 67 72 f9 ff 48 8b c3 48 83 c4 20 


Stack: [0x000000002f380000,0x000000002f400000),  sp=0x000000002f3ff060,  free space=508k
Native frames: (J=compiled Java code, j=interpreted, Vv=VM code, C=native code)
C  [awt.dll+0x185110]

Java frames: (J=compiled Java code, j=interpreted, Vv=VM code)
j  sun.awt.Win32GraphicsConfig.getBounds(I)Ljava/awt/Rectangle;+0
j  sun.awt.Win32GraphicsConfig.getBounds()Ljava/awt/Rectangle;+8
j  com.mathworks.mwswing.WindowUtils.getVirtualScreenBounds()Ljava/awt/Rectangle;+98
j  com.mathworks.mwswing.MJUtilities.getVirtualScreenBounds()Ljava/awt/Rectangle;+0
j  com.mathworks.mwswing.desk.DTMultipleClientFrame.refineLocation(Lcom/mathworks/mwswing/desk/DTFloatingLocation;)Lcom/mathworks/mwswing/desk/DTFloatingLocation;+254
j  com.mathworks.mwswing.desk.DTMultipleClientFrame.<init>(Lcom/mathworks/mwswing/desk/Desktop;Ljava/lang/String;Ljavax/swing/Icon;Lcom/mathworks/mwswing/desk/DTGroup;Z)V+135
j  com.mathworks.mde.desk.MLMultipleClientFrame.<init>(Lcom/mathworks/mwswing/desk/Desktop;Ljava/lang/String;Ljavax/swing/Icon;Lcom/mathworks/mwswing/desk/DTGroup;Z)V+8
j  com.mathworks.mde.desk.MLDesktop.createUndockedFrame(Lcom/mathworks/mwswing/desk/DTGroup;)Lcom/mathworks/mwswing/desk/DTMultipleClientFrame;+15
j  com.mathworks.mwswing.desk.Desktop.setGroupShowing(Lcom/mathworks/mwswing/desk/DTGroup;ZLcom/mathworks/mwswing/desk/DTLocation;Z)V+121
j  com.mathworks.mwswing.desk.Desktop$DeferredCall.run()V+739
J  java.awt.event.InvocationEvent.dispatch()V
J  java.awt.EventDispatchThread.pumpOneEventForFilters(I)Z
J  java.awt.EventDispatchThread.pumpEventsForFilter(ILjava/awt/Conditional;Ljava/awt/EventFilter;)V
j  java.awt.EventDispatchThread.pumpEventsForHierarchy(ILjava/awt/Conditional;Ljava/awt/Component;)V+11
j  java.awt.EventDispatchThread.pumpEvents(ILjava/awt/Conditional;)V+4
j  java.awt.EventDispatchThread.pumpEvents(Ljava/awt/Conditional;)V+3
j  java.awt.EventDispatchThread.run()V+9
v  ~StubRoutines::call_stub

---------------  P R O C E S S  ---------------

Java Threads: ( => current thread )
  0x000000002f778800 JavaThread "Inactive RequestProcessor thread [Was:TimedSoftReference/org.openide.util.TimedSoftReference]" daemon [_thread_blocked, id=4936]
  0x000000002f779000 JavaThread "Thread-304" [_thread_blocked, id=3400]
  0x000000002f779800 JavaThread "Thread-111" [_thread_blocked, id=3956]
  0x000000002f77b800 JavaThread "Timer-4" [_thread_blocked, id=4844]
  0x000000002f778000 JavaThread "Thread-90" [_thread_blocked, id=5004]
  0x000000002f77a400 JavaThread "Thread-89" [_thread_blocked, id=5472]
  0x000000002f779c00 JavaThread "Thread-88" [_thread_blocked, id=4636]
  0x000000002f77b400 JavaThread "Prefs Updater" [_thread_blocked, id=1884]
  0x000000002f777c00 JavaThread "Active Reference Queue Daemon" daemon [_thread_blocked, id=5748]
  0x000000002f777400 JavaThread "Timer-2" daemon [_thread_blocked, id=5528]
  0x000000002f776c00 JavaThread "Timer-1" daemon [_thread_blocked, id=3476]
  0x000000000fe4d400 JavaThread "TimerQueue" daemon [_thread_blocked, id=5984]
=>0x000000000fa5e800 JavaThread "AWT-EventQueue-0" [_thread_in_native, id=6092]
  0x0000000011424c00 JavaThread "AWT-Windows" daemon [_thread_in_native, id=1132]
  0x0000000011422000 JavaThread "AWT-Shutdown" [_thread_blocked, id=4468]
  0x0000000011421c00 JavaThread "Java2D Disposer" daemon [_thread_blocked, id=5504]
  0x000000000fc27000 JavaThread "Timer-0" [_thread_blocked, id=4508]
  0x000000000f926400 JavaThread "Low Memory Detector" daemon [_thread_blocked, id=5064]
  0x000000000f924000 JavaThread "CompilerThread1" daemon [_thread_blocked, id=4860]
  0x000000000f920400 JavaThread "CompilerThread0" daemon [_thread_blocked, id=4916]
  0x000000000f90c000 JavaThread "Attach Listener" daemon [_thread_blocked, id=5220]
  0x000000000f8f0c00 JavaThread "Finalizer" daemon [_thread_blocked, id=5704]
  0x000000000f8f0400 JavaThread "Reference Handler" daemon [_thread_blocked, id=4224]
  0x0000000003d87c00 JavaThread "main" [_thread_in_native, id=2820]

Other Threads:
  0x000000000f8ecc00 VMThread [id=2468]
  0x000000000f92c400 WatcherThread [id=5432]

VM state:not at safepoint (normal execution)

VM Mutex/Monitor currently owned by a thread: None

Heap
 PSYoungGen      total 8576K, used 4616K [0x00000000265a0000, 0x00000000270b0000, 0x00000000296a0000)
  eden space 6336K, 37% used [0x00000000265a0000,0x00000000267f6638,0x0000000026bd0000)
  from space 2240K, 99% used [0x0000000026be0000,0x0000000026e0ba48,0x0000000026e10000)
  to   space 2496K, 0% used [0x0000000026e40000,0x0000000026e40000,0x00000000270b0000)
 PSOldGen        total 70080K, used 59386K [0x000000001d2a0000, 0x0000000021710000, 0x00000000265a0000)
  object space 70080K, 84% used [0x000000001d2a0000,0x0000000020c9eac8,0x0000000021710000)
 PSPermGen       total 83776K, used 45245K [0x00000000152a0000, 0x000000001a470000, 0x000000001d2a0000)
  object space 83776K, 54% used [0x00000000152a0000,0x0000000017ecf6c0,0x000000001a470000)

Dynamic libraries:
0x0000000140000000 - 0x0000000140138000 	C:\Program Files\MATLAB\R2008a\bin\win64\MATLAB.exe
0x00000000771d0000 - 0x0000000077379000 	C:\Windows\SYSTEM32\ntdll.dll
0x00000000770b0000 - 0x00000000771cf000 	C:\Windows\system32\kernel32.dll
0x000007fefd210000 - 0x000007fefd27b000 	C:\Windows\system32\KERNELBASE.dll
0x0000000180000000 - 0x0000000180401000 	C:\Program Files\MATLAB\R2008a\bin\win64\libut.dll
0x000007feff2e0000 - 0x000007feff2f7000 	C:\Windows\system32\imagehlp.dll
0x000007fefe520000 - 0x000007fefe5bf000 	C:\Windows\system32\msvcrt.dll
0x0000000077390000 - 0x0000000077397000 	C:\Windows\system32\PSAPI.DLL
0x00000000010d0000 - 0x00000000010f8000 	C:\Program Files\MATLAB\R2008a\bin\win64\LIBEXPAT.dll
0x0000000074e20000 - 0x0000000074ee9000 	C:\Windows\WinSxS\amd64_microsoft.vc80.crt_1fc8b3b9a1e18e3b_8.0.50727.4940_none_88df89932faf0bf6\MSVCR80.dll
0x000000004a800000 - 0x000000004a917000 	C:\Program Files\MATLAB\R2008a\bin\win64\icuuc36.dll
0x000007fefeaf0000 - 0x000007fefebcb000 	C:\Windows\system32\ADVAPI32.dll
0x000007feff060000 - 0x000007feff07f000 	C:\Windows\SYSTEM32\sechost.dll
0x000007fefe8e0000 - 0x000007fefea0d000 	C:\Windows\system32\RPCRT4.dll
0x0000000001120000 - 0x0000000001123000 	C:\Program Files\MATLAB\R2008a\bin\win64\icudt36.dll
0x000000004ab00000 - 0x000000004ab0f000 	C:\Program Files\MATLAB\R2008a\bin\win64\icuio36.dll
0x0000000001250000 - 0x0000000001356000 	C:\Program Files\MATLAB\R2008a\bin\win64\icuin36.dll
0x0000000073710000 - 0x0000000073819000 	C:\Windows\WinSxS\amd64_microsoft.vc80.crt_1fc8b3b9a1e18e3b_8.0.50727.4940_none_88df89932faf0bf6\MSVCP80.dll
0x0000000076fb0000 - 0x00000000770aa000 	C:\Windows\system32\USER32.dll
0x000007fefe740000 - 0x000007fefe7a7000 	C:\Windows\system32\GDI32.dll
0x000007fefd4f0000 - 0x000007fefd4fe000 	C:\Windows\system32\LPK.dll
0x000007fefe640000 - 0x000007fefe709000 	C:\Windows\system32\USP10.dll
0x0000000001370000 - 0x00000000014e4000 	C:\Program Files\MATLAB\R2008a\bin\win64\libmwservices.dll
0x0000000001500000 - 0x0000000001570000 	C:\Program Files\MATLAB\R2008a\bin\win64\libmx.dll
0x0000000001580000 - 0x0000000001597000 	C:\Program Files\MATLAB\R2008a\bin\win64\zlib1.dll
0x00000000015a0000 - 0x0000000001648000 	C:\Program Files\MATLAB\R2008a\bin\win64\libmwmathutil.dll
0x0000000001660000 - 0x00000000016b5000 	C:\Program Files\MATLAB\R2008a\bin\win64\mpath.dll
0x00000000016d0000 - 0x00000000016f1000 	C:\Program Files\MATLAB\R2008a\bin\win64\mlutil.dll
0x000007feedca0000 - 0x000007feedd40000 	C:\Windows\WinSxS\amd64_microsoft.windows.common-controls_6595b64144ccf1df_5.82.7601.17514_none_a4d6a923711520a9\COMCTL32.dll
0x000007feff3c0000 - 0x000007feff457000 	C:\Windows\system32\comdlg32.dll
0x000007fefe5c0000 - 0x000007fefe631000 	C:\Windows\system32\SHLWAPI.dll
0x000007fefd680000 - 0x000007fefe408000 	C:\Windows\system32\SHELL32.dll
0x000007fefa970000 - 0x000007fefa986000 	C:\Windows\system32\NETAPI32.dll
0x000007fefa960000 - 0x000007fefa96c000 	C:\Windows\system32\netutils.dll
0x000007fefcef0000 - 0x000007fefcf13000 	C:\Windows\system32\srvcli.dll
0x000007fefa940000 - 0x000007fefa955000 	C:\Windows\system32\wkscli.dll
0x000007feff370000 - 0x000007feff3bd000 	C:\Windows\system32\WS2_32.dll
0x000007feff300000 - 0x000007feff308000 	C:\Windows\system32\NSI.dll
0x0000000001710000 - 0x0000000001765000 	C:\Program Files\MATLAB\R2008a\bin\win64\mcr.dll
0x0000000001780000 - 0x00000000017a5000 	C:\Program Files\MATLAB\R2008a\bin\win64\iqm.dll
0x00000000017c0000 - 0x00000000017e1000 	C:\Program Files\MATLAB\R2008a\bin\win64\bridge.dll
0x0000000001800000 - 0x0000000001811000 	C:\Program Files\MATLAB\R2008a\bin\win64\libmex.dll
0x0000000001830000 - 0x00000000018bc000 	C:\Program Files\MATLAB\R2008a\bin\win64\m_dispatcher.dll
0x00000000018d0000 - 0x00000000018f5000 	C:\Program Files\MATLAB\R2008a\bin\win64\datasvcs.dll
0x0000000012000000 - 0x0000000012295000 	C:\Program Files\MATLAB\R2008a\bin\win64\xerces-c_2_7.dll
0x0000000001920000 - 0x00000000021b1000 	C:\Program Files\MATLAB\R2008a\bin\win64\m_interpreter.dll
0x00000000021d0000 - 0x0000000002201000 	C:\Program Files\MATLAB\R2008a\bin\win64\libmat.dll
0x0000000002220000 - 0x0000000002325000 	C:\Program Files\MATLAB\R2008a\bin\win64\libhdf5.dll
0x0000000002330000 - 0x000000000239f000 	C:\Program Files\MATLAB\R2008a\bin\win64\profiler.dll
0x00000000023b0000 - 0x00000000023ba000 	C:\Program Files\MATLAB\R2008a\bin\win64\libmwmathrng.dll
0x00000000023d0000 - 0x00000000023ea000 	C:\Program Files\MATLAB\R2008a\bin\win64\m_pcodeio.dll
0x0000000002400000 - 0x000000000244a000 	C:\Program Files\MATLAB\R2008a\bin\win64\m_ir.dll
0x0000000002460000 - 0x0000000002a1b000 	C:\Program Files\MATLAB\R2008a\bin\win64\m_parser.dll
0x0000000002a30000 - 0x0000000002a42000 	C:\Program Files\MATLAB\R2008a\bin\win64\ir_xfmr.dll
0x0000000002a60000 - 0x0000000002c7b000 	C:\Program Files\MATLAB\R2008a\bin\win64\mcos.dll
0x0000000002c90000 - 0x0000000002c9c000 	C:\Program Files\MATLAB\R2008a\bin\win64\mtok.dll
0x0000000002cb0000 - 0x0000000002cd0000 	C:\Program Files\MATLAB\R2008a\bin\win64\m_pcodegen.dll
0x000007fef7890000 - 0x000007fef79b5000 	C:\Windows\system32\dbghelp.dll
0x0000000002ce0000 - 0x0000000002cf0000 	C:\Program Files\MATLAB\R2008a\bin\win64\boost_thread-vc80-mt-1_34_1.dll
0x0000000002d00000 - 0x0000000002dc0000 	C:\Program Files\MATLAB\R2008a\bin\win64\udd.dll
0x0000000002dd0000 - 0x0000000002f12000 	C:\Program Files\MATLAB\R2008a\bin\win64\libmwgui.dll
0x0000000002f30000 - 0x000000000316a000 	C:\Program Files\MATLAB\R2008a\bin\win64\hg.dll
0x0000000003180000 - 0x00000000031d6000 	C:\Program Files\MATLAB\R2008a\bin\win64\jmi.dll
0x00000000031f0000 - 0x000000000322e000 	C:\Program Files\MATLAB\R2008a\bin\win64\libmwhardcopy.dll
0x0000000003240000 - 0x000000000329c000 	C:\Program Files\MATLAB\R2008a\bin\win64\libuij.dll
0x00000000032b0000 - 0x000000000353c000 	C:\Program Files\MATLAB\R2008a\bin\win64\numerics.dll
0x0000000003550000 - 0x000000000355c000 	C:\Program Files\MATLAB\R2008a\bin\win64\libmwblas.dll
0x0000000003570000 - 0x000000000357f000 	C:\Program Files\MATLAB\R2008a\bin\win64\libmwbinder.dll
0x0000000003590000 - 0x00000000035b4000 	C:\Program Files\MATLAB\R2008a\bin\win64\libmwlapack.dll
0x00000000035d0000 - 0x00000000035db000 	C:\Program Files\MATLAB\R2008a\bin\win64\libmwfftw.dll
0x00000000035f0000 - 0x0000000003625000 	C:\Program Files\MATLAB\R2008a\bin\win64\libmwrookfastbp.dll
0x0000000003640000 - 0x000000000366e000 	C:\Program Files\MATLAB\R2008a\bin\win64\libmwma57.dll
0x0000000010000000 - 0x00000000100d3000 	C:\Program Files\MATLAB\R2008a\bin\win64\libifcoremd.dll
0x0000000003680000 - 0x000000000389d000 	C:\Program Files\MATLAB\R2008a\bin\win64\libmmd.dll
0x00000000038a0000 - 0x00000000038a9000 	C:\Program Files\MATLAB\R2008a\bin\win64\libmwcsparse.dll
0x00000000038c0000 - 0x000000000398a000 	C:\Program Files\MATLAB\R2008a\bin\win64\libmwumfpack.dll
0x00000000039a0000 - 0x00000000039ad000 	C:\Program Files\MATLAB\R2008a\bin\win64\libmwamd.dll
0x00000000039c0000 - 0x0000000003a52000 	C:\Program Files\MATLAB\R2008a\bin\win64\libmwcholmod.dll
0x0000000003a70000 - 0x0000000003a7c000 	C:\Program Files\MATLAB\R2008a\bin\win64\libmwcolamd.dll
0x0000000003a90000 - 0x0000000003b49000 	C:\Program Files\MATLAB\R2008a\bin\win64\uiw.dll
0x0000000003b60000 - 0x0000000003b6a000 	C:\Program Files\MATLAB\R2008a\bin\win64\uinone.dll
0x0000000073570000 - 0x000000007370c000 	C:\Windows\WinSxS\amd64_microsoft.vc80.mfc_1fc8b3b9a1e18e3b_8.0.50727.4053_none_8444db7d32915e4c\MFC80.DLL
0x000007fefa340000 - 0x000007fefa3b1000 	C:\Windows\system32\WINSPOOL.DRV
0x000007fefec70000 - 0x000007fefee73000 	C:\Windows\system32\ole32.dll
0x000007fefea10000 - 0x000007fefeae7000 	C:\Windows\system32\OLEAUT32.dll
0x0000000003b80000 - 0x0000000003c10000 	C:\Program Files\MATLAB\R2008a\bin\win64\udd_mi.dll
0x0000000003c20000 - 0x0000000003c38000 	C:\Program Files\MATLAB\R2008a\bin\win64\mwoles05.DLL
0x0000000003c50000 - 0x0000000003cb9000 	C:\Program Files\MATLAB\R2008a\bin\win64\comcli.dll
0x0000000072ed0000 - 0x0000000072ef0000 	C:\Windows\WinSxS\amd64_microsoft.vc80.atl_1fc8b3b9a1e18e3b_8.0.50727.4053_none_8a1a02152edb659b\ATL80.DLL
0x0000000003cd0000 - 0x0000000003cde000 	C:\Program Files\MATLAB\R2008a\bin\win64\mlautoregister.dll
0x000007fefe710000 - 0x000007fefe73e000 	C:\Windows\system32\IMM32.DLL
0x000007fefe410000 - 0x000007fefe519000 	C:\Windows\system32\MSCTF.dll
0x00000000073c0000 - 0x0000000007d8e000 	C:\Program Files\MATLAB\R2008a\bin\win64\mkl.dll
0x0000000006af0000 - 0x0000000006b3b000 	C:\Program Files\MATLAB\R2008a\bin\win64\libguide40.dll
0x0000000003d40000 - 0x0000000003d48000 	C:\Program Files\MATLAB\R2008a\bin\win64\mklcompat.dll
0x0000000007d90000 - 0x0000000008337000 	C:\Program Files\MATLAB\R2008a\bin\win64\mllapack.dll
0x0000000006fa0000 - 0x0000000007094000 	C:\Program Files\MATLAB\R2008a\bin\win64\libfftw3i.dll
0x00000000070a0000 - 0x000000000718e000 	C:\Program Files\MATLAB\R2008a\bin\win64\libfftw3f.dll
0x0000000073560000 - 0x000000007356d000 	C:\Windows\WinSxS\amd64_microsoft.vc80.mfcloc_1fc8b3b9a1e18e3b_8.0.50727.4053_none_bc1d1e5b0be08790\MFC80ENU.DLL
0x000007fefb820000 - 0x000007fefb876000 	C:\Windows\system32\uxtheme.dll
0x000007fefd120000 - 0x000007fefd12f000 	C:\Windows\system32\profapi.dll
0x000007fefcff0000 - 0x000007fefcfff000 	C:\Windows\system32\CRYPTBASE.dll
0x000007fefb8d0000 - 0x000007fefbac4000 	C:\Windows\WinSxS\amd64_microsoft.windows.common-controls_6595b64144ccf1df_6.0.7601.17514_none_fa396087175ac9ac\comctl32.dll
0x000007fefee80000 - 0x000007feff057000 	C:\Windows\system32\SETUPAPI.dll
0x000007fefd3f0000 - 0x000007fefd426000 	C:\Windows\system32\CFGMGR32.dll
0x000007fefd4d0000 - 0x000007fefd4ea000 	C:\Windows\system32\DEVOBJ.dll
0x000007fefebd0000 - 0x000007fefec69000 	C:\Windows\system32\CLBCatQ.DLL
0x000007fefbbe0000 - 0x000007fefbd0c000 	C:\Windows\system32\propsys.dll
0x000007fefc230000 - 0x000007fefc25d000 	C:\Windows\system32\ntmarta.dll
0x000007feff310000 - 0x000007feff362000 	C:\Windows\system32\WLDAP32.dll
0x000007fefa720000 - 0x000007fefa747000 	C:\Windows\system32\iphlpapi.dll
0x000007fefa710000 - 0x000007fefa71b000 	C:\Windows\system32\WINNSI.DLL
0x000007fefc7b0000 - 0x000007fefc80b000 	C:\Windows\system32\DNSAPI.dll
0x000007fefa250000 - 0x000007fefa261000 	C:\Windows\system32\dhcpcsvc6.DLL
0x000007fefa230000 - 0x000007fefa248000 	C:\Windows\system32\dhcpcsvc.DLL
0x0000000074120000 - 0x0000000074123000 	C:\Windows\system32\icmp.Dll
0x000000000ef40000 - 0x000000000f491000 	C:\Program Files\MATLAB\R2008a\sys\java\jre\win64\jre1.6.0\bin\server\jvm.dll
0x000007fefaf40000 - 0x000007fefaf7b000 	C:\Windows\system32\WINMM.dll
0x0000000006e10000 - 0x0000000006e1a000 	C:\Program Files\MATLAB\R2008a\sys\java\jre\win64\jre1.6.0\bin\hpi.dll
0x0000000006e30000 - 0x0000000006e3e000 	C:\Program Files\MATLAB\R2008a\sys\java\jre\win64\jre1.6.0\bin\verify.dll
0x0000000007190000 - 0x00000000071b7000 	C:\Program Files\MATLAB\R2008a\sys\java\jre\win64\jre1.6.0\bin\java.dll
0x0000000006e40000 - 0x0000000006e52000 	C:\Program Files\MATLAB\R2008a\sys\java\jre\win64\jre1.6.0\bin\zip.dll
0x0000000006e70000 - 0x0000000006e86000 	C:\Program Files\MATLAB\R2008a\bin\win64\nativejava.dll
0x000000000adc0000 - 0x000000000add6000 	C:\Program Files\MATLAB\R2008a\bin\win64\nativejmi.dll
0x000000000adf0000 - 0x000000000adf7000 	C:\Program Files\MATLAB\R2008a\bin\win64\nativeservices.dll
0x0000000011960000 - 0x0000000011bb0000 	C:\Program Files\MATLAB\R2008a\sys\java\jre\win64\jre1.6.0\bin\awt.dll
0x000007fefb290000 - 0x000007fefb2a8000 	C:\Windows\system32\dwmapi.dll
0x0000000011d30000 - 0x0000000011d99000 	C:\Program Files\MATLAB\R2008a\sys\java\jre\win64\jre1.6.0\bin\fontmanager.dll

VM Arguments:
jvm_args: -Xss512k -XX:PermSize=32M -Xms64m -XX:NewRatio=3 -XX:MaxPermSize=128M -Xmx196m -XX:MaxDirectMemorySize=2147400000 -Dsun.java2d.noddraw=true -Dsun.awt.nopixfmt=true -Xshare:off -Xrs -Djava.library.path=C:\Program Files\MATLAB\R2008a\bin\win64 vfprintf abort
java_command: <unknown>
Launcher Type: generic

Environment Variables:
CLASSPATH=.;C:\Program Files (x86)\Java\jre6\lib\ext\QTJava.zip
PATH=C:\Program Files (x86)\NVIDIA Corporation\PhysX\Common;C:\Windows\system32;C:\Windows;C:\Windows\System32\Wbem;C:\Windows\System32\WindowsPowerShell\v1.0\;C:\Program Files\MATLAB\R2010a\runtime\win64;C:\Program Files\MATLAB\R2010a\bin;C:\Program Files\MATLAB\R2008a\bin;C:\Program Files\MATLAB\R2008a\bin\win64;C:\Program Files (x86)\Final Codecs\QTSystem\
USERNAME=tao hong
OS=Windows_NT
PROCESSOR_IDENTIFIER=Intel64 Family 6 Model 23 Stepping 10, GenuineIntel



---------------  S Y S T E M  ---------------

OS: Windows NT 6.1 Build 7601 Service Pack 1

CPU:total 2 em64t ht

Memory: 4k page, physical 6290480k(3538648k free), swap 12579116k(10062776k free)

vm_info: Java HotSpot(TM) 64-Bit Server VM (1.6.0-b105) for windows-amd64, built on Nov 29 2006 00:38:01 by "java_re" with unknown MS VC++:1400

